{"C:\\Users\\ariveros\\code\\alan\\is-cloudy\\src\\App.jsx": {"path":"C:\\Users\\ariveros\\code\\alan\\is-cloudy\\src\\App.jsx","statementMap":{"0":{"start":{"line":13,"column":20},"end":{"line":13,"column":23}},"1":{"start":{"line":17,"column":19},"end":{"line":17,"column":32}},"2":{"start":{"line":18,"column":28},"end":{"line":18,"column":43}},"3":{"start":{"line":19,"column":42},"end":{"line":19,"column":56}},"4":{"start":{"line":22,"column":19},"end":{"line":22,"column":55}},"5":{"start":{"line":22,"column":29},"end":{"line":22,"column":55}},"6":{"start":{"line":25,"column":20},"end":{"line":28,"column":3}},"7":{"start":{"line":31,"column":25},"end":{"line":33,"column":3}},"8":{"start":{"line":32,"column":4},"end":{"line":32,"column":41}},"9":{"start":{"line":36,"column":26},"end":{"line":38,"column":3}},"10":{"start":{"line":37,"column":4},"end":{"line":37,"column":26}},"11":{"start":{"line":40,"column":2},"end":{"line":132,"column":4}},"12":{"start":{"line":63,"column":14},"end":{"line":72,"column":25}},"13":{"start":{"line":101,"column":14},"end":{"line":109,"column":25}},"14":{"start":{"line":136,"column":2},"end":{"line":140,"column":4}}},"fnMap":{"0":{"name":"App","decl":{"start":{"line":15,"column":9},"end":{"line":15,"column":12}},"loc":{"start":{"line":15,"column":15},"end":{"line":133,"column":1}},"line":15},"1":{"name":"(anonymous_1)","decl":{"start":{"line":22,"column":19},"end":{"line":22,"column":20}},"loc":{"start":{"line":22,"column":29},"end":{"line":22,"column":55}},"line":22},"2":{"name":"(anonymous_2)","decl":{"start":{"line":31,"column":25},"end":{"line":31,"column":26}},"loc":{"start":{"line":31,"column":36},"end":{"line":33,"column":3}},"line":31},"3":{"name":"(anonymous_3)","decl":{"start":{"line":36,"column":26},"end":{"line":36,"column":27}},"loc":{"start":{"line":36,"column":32},"end":{"line":38,"column":3}},"line":36},"4":{"name":"(anonymous_4)","decl":{"start":{"line":62,"column":27},"end":{"line":62,"column":28}},"loc":{"start":{"line":63,"column":14},"end":{"line":72,"column":25}},"line":63},"5":{"name":"(anonymous_5)","decl":{"start":{"line":100,"column":27},"end":{"line":100,"column":28}},"loc":{"start":{"line":101,"column":14},"end":{"line":109,"column":25}},"line":101},"6":{"name":"AppWrapper","decl":{"start":{"line":135,"column":24},"end":{"line":135,"column":34}},"loc":{"start":{"line":135,"column":37},"end":{"line":141,"column":1}},"line":135}},"branchMap":{"0":{"loc":{"start":{"line":43,"column":7},"end":{"line":76,"column":7}},"type":"binary-expr","locations":[{"start":{"line":43,"column":7},"end":{"line":43,"column":21}},{"start":{"line":44,"column":8},"end":{"line":75,"column":17}}],"line":43},"1":{"loc":{"start":{"line":79,"column":7},"end":{"line":113,"column":7}},"type":"binary-expr","locations":[{"start":{"line":79,"column":7},"end":{"line":79,"column":20}},{"start":{"line":80,"column":8},"end":{"line":112,"column":17}}],"line":79},"2":{"loc":{"start":{"line":120,"column":14},"end":{"line":120,"column":35}},"type":"cond-expr","locations":[{"start":{"line":120,"column":30},"end":{"line":120,"column":31}},{"start":{"line":120,"column":34},"end":{"line":120,"column":35}}],"line":120}},"s":{"0":0,"1":0,"2":0,"3":0,"4":0,"5":0,"6":0,"7":0,"8":0,"9":0,"10":0,"11":0,"12":0,"13":0,"14":0},"f":{"0":0,"1":0,"2":0,"3":0,"4":0,"5":0,"6":0},"b":{"0":[0,0],"1":[0,0],"2":[0,0]}}
,"C:\\Users\\ariveros\\code\\alan\\is-cloudy\\src\\main.jsx": {"path":"C:\\Users\\ariveros\\code\\alan\\is-cloudy\\src\\main.jsx","statementMap":{"0":{"start":{"line":12,"column":22},"end":{"line":12,"column":67}},"1":{"start":{"line":14,"column":0},"end":{"line":27,"column":2}}},"fnMap":{},"branchMap":{"0":{"loc":{"start":{"line":12,"column":22},"end":{"line":12,"column":67}},"type":"binary-expr","locations":[{"start":{"line":12,"column":22},"end":{"line":12,"column":57}},{"start":{"line":12,"column":61},"end":{"line":12,"column":67}}],"line":12}},"s":{"0":0,"1":0},"f":{},"b":{"0":[0,0]}}
,"C:\\Users\\ariveros\\code\\alan\\is-cloudy\\src\\adapters\\weatherAdapter.js": {"path":"C:\\Users\\ariveros\\code\\alan\\is-cloudy\\src\\adapters\\weatherAdapter.js","statementMap":{"0":{"start":{"line":2,"column":23},"end":{"line":29,"column":3}},"1":{"start":{"line":3,"column":4},"end":{"line":28,"column":6}},"2":{"start":{"line":20,"column":56},"end":{"line":27,"column":7}}},"fnMap":{"0":{"name":"(anonymous_0)","decl":{"start":{"line":2,"column":23},"end":{"line":2,"column":24}},"loc":{"start":{"line":2,"column":33},"end":{"line":29,"column":3}},"line":2},"1":{"name":"(anonymous_1)","decl":{"start":{"line":20,"column":46},"end":{"line":20,"column":47}},"loc":{"start":{"line":20,"column":56},"end":{"line":27,"column":7}},"line":20}},"branchMap":{},"s":{"0":3,"1":1,"2":2},"f":{"0":1,"1":2},"b":{},"_coverageSchema":"1a1c01bbd47fc00a2c39e90264f33305004495a9","hash":"7b3540db09ab8111827476f8c7beda3583881c30"}
,"C:\\Users\\ariveros\\code\\alan\\is-cloudy\\src\\components\\MainWeatherCard.jsx": {"path":"C:\\Users\\ariveros\\code\\alan\\is-cloudy\\src\\components\\MainWeatherCard.jsx","statementMap":{"0":{"start":{"line":7,"column":24},"end":{"line":95,"column":1}},"1":{"start":{"line":11,"column":6},"end":{"line":11,"column":17}},"2":{"start":{"line":13,"column":38},"end":{"line":13,"column":53}},"3":{"start":{"line":16,"column":19},"end":{"line":21,"column":3}},"4":{"start":{"line":24,"column":2},"end":{"line":29,"column":34}},"5":{"start":{"line":25,"column":27},"end":{"line":25,"column":78}},"6":{"start":{"line":27,"column":27},"end":{"line":27,"column":97}},"7":{"start":{"line":27,"column":57},"end":{"line":27,"column":96}},"8":{"start":{"line":28,"column":4},"end":{"line":28,"column":34}},"9":{"start":{"line":32,"column":30},"end":{"line":46,"column":3}},"10":{"start":{"line":33,"column":27},"end":{"line":33,"column":78}},"11":{"start":{"line":35,"column":4},"end":{"line":43,"column":5}},"12":{"start":{"line":37,"column":31},"end":{"line":37,"column":103}},"13":{"start":{"line":37,"column":63},"end":{"line":37,"column":102}},"14":{"start":{"line":38,"column":6},"end":{"line":38,"column":74}},"15":{"start":{"line":41,"column":6},"end":{"line":41,"column":36}},"16":{"start":{"line":42,"column":6},"end":{"line":42,"column":72}},"17":{"start":{"line":45,"column":4},"end":{"line":45,"column":31}},"18":{"start":{"line":49,"column":2},"end":{"line":94,"column":4}}},"fnMap":{"0":{"name":"(anonymous_0)","decl":{"start":{"line":7,"column":24},"end":{"line":7,"column":25}},"loc":{"start":{"line":7,"column":65},"end":{"line":95,"column":1}},"line":7},"1":{"name":"(anonymous_1)","decl":{"start":{"line":24,"column":12},"end":{"line":24,"column":13}},"loc":{"start":{"line":24,"column":18},"end":{"line":29,"column":3}},"line":24},"2":{"name":"(anonymous_2)","decl":{"start":{"line":27,"column":47},"end":{"line":27,"column":48}},"loc":{"start":{"line":27,"column":57},"end":{"line":27,"column":96}},"line":27},"3":{"name":"(anonymous_3)","decl":{"start":{"line":32,"column":30},"end":{"line":32,"column":31}},"loc":{"start":{"line":32,"column":36},"end":{"line":46,"column":3}},"line":32},"4":{"name":"(anonymous_4)","decl":{"start":{"line":37,"column":53},"end":{"line":37,"column":54}},"loc":{"start":{"line":37,"column":63},"end":{"line":37,"column":102}},"line":37}},"branchMap":{"0":{"loc":{"start":{"line":25,"column":27},"end":{"line":25,"column":78}},"type":"binary-expr","locations":[{"start":{"line":25,"column":27},"end":{"line":25,"column":72}},{"start":{"line":25,"column":76},"end":{"line":25,"column":78}}],"line":25},"1":{"loc":{"start":{"line":33,"column":27},"end":{"line":33,"column":78}},"type":"binary-expr","locations":[{"start":{"line":33,"column":27},"end":{"line":33,"column":72}},{"start":{"line":33,"column":76},"end":{"line":33,"column":78}}],"line":33},"2":{"loc":{"start":{"line":35,"column":4},"end":{"line":43,"column":5}},"type":"if","locations":[{"start":{"line":35,"column":4},"end":{"line":43,"column":5}},{"start":{"line":39,"column":11},"end":{"line":43,"column":5}}],"line":35},"3":{"loc":{"start":{"line":77,"column":13},"end":{"line":81,"column":13}},"type":"cond-expr","locations":[{"start":{"line":78,"column":12},"end":{"line":78,"column":51}},{"start":{"line":80,"column":12},"end":{"line":80,"column":57}}],"line":77}},"s":{"0":0,"1":0,"2":0,"3":0,"4":0,"5":0,"6":0,"7":0,"8":0,"9":0,"10":0,"11":0,"12":0,"13":0,"14":0,"15":0,"16":0,"17":0,"18":0},"f":{"0":0,"1":0,"2":0,"3":0,"4":0},"b":{"0":[0,0],"1":[0,0],"2":[0,0],"3":[0,0]}}
,"C:\\Users\\ariveros\\code\\alan\\is-cloudy\\src\\components\\WeatherDetails.jsx": {"path":"C:\\Users\\ariveros\\code\\alan\\is-cloudy\\src\\components\\WeatherDetails.jsx","statementMap":{"0":{"start":{"line":5,"column":19},"end":{"line":9,"column":1}},"1":{"start":{"line":6,"column":15},"end":{"line":6,"column":35}},"2":{"start":{"line":7,"column":18},"end":{"line":7,"column":37}},"3":{"start":{"line":8,"column":2},"end":{"line":8,"column":64}},"4":{"start":{"line":12,"column":16},"end":{"line":15,"column":1}},"5":{"start":{"line":13,"column":15},"end":{"line":13,"column":35}},"6":{"start":{"line":14,"column":2},"end":{"line":14,"column":54}},"7":{"start":{"line":18,"column":19},"end":{"line":23,"column":1}},"8":{"start":{"line":19,"column":19},"end":{"line":19,"column":29}},"9":{"start":{"line":20,"column":2},"end":{"line":20,"column":40}},"10":{"start":{"line":21,"column":15},"end":{"line":21,"column":35}},"11":{"start":{"line":22,"column":2},"end":{"line":22,"column":57}},"12":{"start":{"line":26,"column":20},"end":{"line":31,"column":1}},"13":{"start":{"line":27,"column":20},"end":{"line":27,"column":30}},"14":{"start":{"line":28,"column":2},"end":{"line":28,"column":41}},"15":{"start":{"line":29,"column":15},"end":{"line":29,"column":35}},"16":{"start":{"line":30,"column":2},"end":{"line":30,"column":58}},"17":{"start":{"line":33,"column":23},"end":{"line":70,"column":1}},"18":{"start":{"line":35,"column":27},"end":{"line":46,"column":6}},"19":{"start":{"line":36,"column":21},"end":{"line":36,"column":46}},"20":{"start":{"line":39,"column":21},"end":{"line":39,"column":48}},"21":{"start":{"line":40,"column":6},"end":{"line":44,"column":7}},"22":{"start":{"line":41,"column":8},"end":{"line":41,"column":28}},"23":{"start":{"line":42,"column":13},"end":{"line":44,"column":7}},"24":{"start":{"line":43,"column":8},"end":{"line":43,"column":26}},"25":{"start":{"line":45,"column":6},"end":{"line":45,"column":34}},"26":{"start":{"line":48,"column":2},"end":{"line":69,"column":4}},"27":{"start":{"line":62,"column":8},"end":{"line":66,"column":9}}},"fnMap":{"0":{"name":"(anonymous_0)","decl":{"start":{"line":5,"column":19},"end":{"line":5,"column":20}},"loc":{"start":{"line":5,"column":35},"end":{"line":9,"column":1}},"line":5},"1":{"name":"(anonymous_1)","decl":{"start":{"line":12,"column":16},"end":{"line":12,"column":17}},"loc":{"start":{"line":12,"column":39},"end":{"line":15,"column":1}},"line":12},"2":{"name":"(anonymous_2)","decl":{"start":{"line":18,"column":19},"end":{"line":18,"column":20}},"loc":{"start":{"line":18,"column":42},"end":{"line":23,"column":1}},"line":18},"3":{"name":"(anonymous_3)","decl":{"start":{"line":26,"column":20},"end":{"line":26,"column":21}},"loc":{"start":{"line":26,"column":43},"end":{"line":31,"column":1}},"line":26},"4":{"name":"(anonymous_4)","decl":{"start":{"line":33,"column":23},"end":{"line":33,"column":24}},"loc":{"start":{"line":33,"column":57},"end":{"line":70,"column":1}},"line":33},"5":{"name":"(anonymous_5)","decl":{"start":{"line":36,"column":12},"end":{"line":36,"column":13}},"loc":{"start":{"line":36,"column":21},"end":{"line":36,"column":46}},"line":36},"6":{"name":"(anonymous_6)","decl":{"start":{"line":37,"column":9},"end":{"line":37,"column":10}},"loc":{"start":{"line":37,"column":25},"end":{"line":46,"column":5}},"line":37},"7":{"name":"(anonymous_7)","decl":{"start":{"line":61,"column":28},"end":{"line":61,"column":29}},"loc":{"start":{"line":61,"column":44},"end":{"line":67,"column":7}},"line":61}},"branchMap":{"0":{"loc":{"start":{"line":40,"column":6},"end":{"line":44,"column":7}},"type":"if","locations":[{"start":{"line":40,"column":6},"end":{"line":44,"column":7}},{"start":{"line":42,"column":13},"end":{"line":44,"column":7}}],"line":40},"1":{"loc":{"start":{"line":42,"column":13},"end":{"line":44,"column":7}},"type":"if","locations":[{"start":{"line":42,"column":13},"end":{"line":44,"column":7}},{"start":{},"end":{}}],"line":42}},"s":{"0":0,"1":0,"2":0,"3":0,"4":0,"5":0,"6":0,"7":0,"8":0,"9":0,"10":0,"11":0,"12":0,"13":0,"14":0,"15":0,"16":0,"17":0,"18":0,"19":0,"20":0,"21":0,"22":0,"23":0,"24":0,"25":0,"26":0,"27":0},"f":{"0":0,"1":0,"2":0,"3":0,"4":0,"5":0,"6":0,"7":0},"b":{"0":[0,0],"1":[0,0]}}
,"C:\\Users\\ariveros\\code\\alan\\is-cloudy\\src\\components\\WeatherInfoCard.jsx": {"path":"C:\\Users\\ariveros\\code\\alan\\is-cloudy\\src\\components\\WeatherInfoCard.jsx","statementMap":{"0":{"start":{"line":4,"column":24},"end":{"line":28,"column":1}},"1":{"start":{"line":5,"column":2},"end":{"line":27,"column":4}}},"fnMap":{"0":{"name":"(anonymous_0)","decl":{"start":{"line":4,"column":24},"end":{"line":4,"column":25}},"loc":{"start":{"line":4,"column":76},"end":{"line":28,"column":1}},"line":4}},"branchMap":{},"s":{"0":0,"1":0},"f":{"0":0},"b":{}}
,"C:\\Users\\ariveros\\code\\alan\\is-cloudy\\src\\context\\AppContext.jsx": {"path":"C:\\Users\\ariveros\\code\\alan\\is-cloudy\\src\\context\\AppContext.jsx","statementMap":{"0":{"start":{"line":3,"column":26},"end":{"line":3,"column":41}},"1":{"start":{"line":5,"column":27},"end":{"line":16,"column":1}},"2":{"start":{"line":6,"column":28},"end":{"line":9,"column":4}},"3":{"start":{"line":11,"column":2},"end":{"line":15,"column":4}},"4":{"start":{"line":18,"column":29},"end":{"line":18,"column":57}},"5":{"start":{"line":18,"column":35},"end":{"line":18,"column":57}}},"fnMap":{"0":{"name":"(anonymous_0)","decl":{"start":{"line":5,"column":27},"end":{"line":5,"column":28}},"loc":{"start":{"line":5,"column":45},"end":{"line":16,"column":1}},"line":5},"1":{"name":"(anonymous_1)","decl":{"start":{"line":18,"column":29},"end":{"line":18,"column":30}},"loc":{"start":{"line":18,"column":35},"end":{"line":18,"column":57}},"line":18}},"branchMap":{},"s":{"0":1,"1":1,"2":6,"3":6,"4":1,"5":0},"f":{"0":6,"1":0},"b":{},"_coverageSchema":"1a1c01bbd47fc00a2c39e90264f33305004495a9","hash":"c7697f1836777335baf7437b55223b6c41d01222"}
,"C:\\Users\\ariveros\\code\\alan\\is-cloudy\\src\\context\\BreakpointContext.jsx": {"path":"C:\\Users\\ariveros\\code\\alan\\is-cloudy\\src\\context\\BreakpointContext.jsx","statementMap":{"0":{"start":{"line":4,"column":26},"end":{"line":4,"column":41}},"1":{"start":{"line":6,"column":34},"end":{"line":27,"column":1}},"2":{"start":{"line":7,"column":16},"end":{"line":7,"column":26}},"3":{"start":{"line":9,"column":24},"end":{"line":9,"column":67}},"4":{"start":{"line":10,"column":25},"end":{"line":10,"column":77}},"5":{"start":{"line":11,"column":24},"end":{"line":11,"column":76}},"6":{"start":{"line":12,"column":29},"end":{"line":12,"column":70}},"7":{"start":{"line":15,"column":22},"end":{"line":20,"column":3}},"8":{"start":{"line":22,"column":2},"end":{"line":26,"column":4}},"9":{"start":{"line":29,"column":29},"end":{"line":29,"column":64}},"10":{"start":{"line":29,"column":35},"end":{"line":29,"column":64}}},"fnMap":{"0":{"name":"(anonymous_0)","decl":{"start":{"line":6,"column":34},"end":{"line":6,"column":35}},"loc":{"start":{"line":6,"column":52},"end":{"line":27,"column":1}},"line":6},"1":{"name":"(anonymous_1)","decl":{"start":{"line":29,"column":29},"end":{"line":29,"column":30}},"loc":{"start":{"line":29,"column":35},"end":{"line":29,"column":64}},"line":29}},"branchMap":{},"s":{"0":0,"1":0,"2":0,"3":0,"4":0,"5":0,"6":0,"7":0,"8":0,"9":0,"10":0},"f":{"0":0,"1":0},"b":{}}
,"C:\\Users\\ariveros\\code\\alan\\is-cloudy\\src\\context\\SearchContext.jsx": {"path":"C:\\Users\\ariveros\\code\\alan\\is-cloudy\\src\\context\\SearchContext.jsx","statementMap":{"0":{"start":{"line":4,"column":22},"end":{"line":4,"column":37}},"1":{"start":{"line":7,"column":30},"end":{"line":15,"column":1}},"2":{"start":{"line":8,"column":38},"end":{"line":8,"column":50}},"3":{"start":{"line":10,"column":2},"end":{"line":14,"column":4}},"4":{"start":{"line":18,"column":25},"end":{"line":20,"column":1}},"5":{"start":{"line":19,"column":2},"end":{"line":19,"column":35}}},"fnMap":{"0":{"name":"(anonymous_0)","decl":{"start":{"line":7,"column":30},"end":{"line":7,"column":31}},"loc":{"start":{"line":7,"column":48},"end":{"line":15,"column":1}},"line":7},"1":{"name":"(anonymous_1)","decl":{"start":{"line":18,"column":25},"end":{"line":18,"column":26}},"loc":{"start":{"line":18,"column":31},"end":{"line":20,"column":1}},"line":18}},"branchMap":{},"s":{"0":0,"1":0,"2":0,"3":0,"4":0,"5":0},"f":{"0":0,"1":0},"b":{}}
,"C:\\Users\\ariveros\\code\\alan\\is-cloudy\\src\\hooks\\useAppState.js": {"path":"C:\\Users\\ariveros\\code\\alan\\is-cloudy\\src\\hooks\\useAppState.js","statementMap":{"0":{"start":{"line":4,"column":27},"end":{"line":15,"column":1}},"1":{"start":{"line":5,"column":30},"end":{"line":5,"column":52}},"2":{"start":{"line":7,"column":22},"end":{"line":12,"column":3}},"3":{"start":{"line":8,"column":4},"end":{"line":11,"column":8}},"4":{"start":{"line":8,"column":29},"end":{"line":11,"column":5}},"5":{"start":{"line":14,"column":2},"end":{"line":14,"column":32}}},"fnMap":{"0":{"name":"(anonymous_0)","decl":{"start":{"line":4,"column":27},"end":{"line":4,"column":28}},"loc":{"start":{"line":4,"column":33},"end":{"line":15,"column":1}},"line":4},"1":{"name":"(anonymous_1)","decl":{"start":{"line":7,"column":22},"end":{"line":7,"column":23}},"loc":{"start":{"line":7,"column":38},"end":{"line":12,"column":3}},"line":7},"2":{"name":"(anonymous_2)","decl":{"start":{"line":8,"column":13},"end":{"line":8,"column":14}},"loc":{"start":{"line":8,"column":29},"end":{"line":11,"column":5}},"line":8}},"branchMap":{},"s":{"0":1,"1":0,"2":0,"3":0,"4":0,"5":0},"f":{"0":0,"1":0,"2":0},"b":{},"_coverageSchema":"1a1c01bbd47fc00a2c39e90264f33305004495a9","hash":"c95be2d2cdf15c0e4f01998f7c3036fbb1b0a6db"}
,"C:\\Users\\ariveros\\code\\alan\\is-cloudy\\src\\pages\\DetailsPage.jsx": {"path":"C:\\Users\\ariveros\\code\\alan\\is-cloudy\\src\\pages\\DetailsPage.jsx","statementMap":{"0":{"start":{"line":11,"column":20},"end":{"line":103,"column":1}},"1":{"start":{"line":12,"column":20},"end":{"line":12,"column":33}},"2":{"start":{"line":13,"column":19},"end":{"line":13,"column":30}},"3":{"start":{"line":14,"column":40},"end":{"line":14,"column":50}},"4":{"start":{"line":15,"column":25},"end":{"line":15,"column":36}},"5":{"start":{"line":16,"column":20},"end":{"line":16,"column":28}},"6":{"start":{"line":17,"column":32},"end":{"line":17,"column":47}},"7":{"start":{"line":18,"column":28},"end":{"line":18,"column":42}},"8":{"start":{"line":21,"column":2},"end":{"line":37,"column":37}},"9":{"start":{"line":22,"column":4},"end":{"line":36,"column":5}},"10":{"start":{"line":23,"column":31},"end":{"line":33,"column":7}},"11":{"start":{"line":24,"column":8},"end":{"line":32,"column":9}},"12":{"start":{"line":25,"column":10},"end":{"line":25,"column":27}},"13":{"start":{"line":26,"column":23},"end":{"line":26,"column":44}},"14":{"start":{"line":27,"column":10},"end":{"line":27,"column":31}},"15":{"start":{"line":28,"column":10},"end":{"line":28,"column":28}},"16":{"start":{"line":30,"column":10},"end":{"line":30,"column":64}},"17":{"start":{"line":31,"column":10},"end":{"line":31,"column":28}},"18":{"start":{"line":35,"column":6},"end":{"line":35,"column":25}},"19":{"start":{"line":39,"column":2},"end":{"line":41,"column":3}},"20":{"start":{"line":40,"column":4},"end":{"line":40,"column":77}},"21":{"start":{"line":43,"column":2},"end":{"line":45,"column":3}},"22":{"start":{"line":44,"column":4},"end":{"line":44,"column":57}},"23":{"start":{"line":47,"column":2},"end":{"line":49,"column":3}},"24":{"start":{"line":48,"column":4},"end":{"line":48,"column":99}},"25":{"start":{"line":51,"column":16},"end":{"line":51,"column":26}},"26":{"start":{"line":52,"column":2},"end":{"line":102,"column":4}}},"fnMap":{"0":{"name":"(anonymous_0)","decl":{"start":{"line":11,"column":20},"end":{"line":11,"column":21}},"loc":{"start":{"line":11,"column":26},"end":{"line":103,"column":1}},"line":11},"1":{"name":"(anonymous_1)","decl":{"start":{"line":21,"column":12},"end":{"line":21,"column":13}},"loc":{"start":{"line":21,"column":18},"end":{"line":37,"column":3}},"line":21},"2":{"name":"(anonymous_2)","decl":{"start":{"line":23,"column":31},"end":{"line":23,"column":32}},"loc":{"start":{"line":23,"column":43},"end":{"line":33,"column":7}},"line":23}},"branchMap":{"0":{"loc":{"start":{"line":22,"column":4},"end":{"line":36,"column":5}},"type":"if","locations":[{"start":{"line":22,"column":4},"end":{"line":36,"column":5}},{"start":{},"end":{}}],"line":22},"1":{"loc":{"start":{"line":22,"column":8},"end":{"line":22,"column":28}},"type":"binary-expr","locations":[{"start":{"line":22,"column":8},"end":{"line":22,"column":20}},{"start":{"line":22,"column":24},"end":{"line":22,"column":28}}],"line":22},"2":{"loc":{"start":{"line":39,"column":2},"end":{"line":41,"column":3}},"type":"if","locations":[{"start":{"line":39,"column":2},"end":{"line":41,"column":3}},{"start":{},"end":{}}],"line":39},"3":{"loc":{"start":{"line":43,"column":2},"end":{"line":45,"column":3}},"type":"if","locations":[{"start":{"line":43,"column":2},"end":{"line":45,"column":3}},{"start":{},"end":{}}],"line":43},"4":{"loc":{"start":{"line":47,"column":2},"end":{"line":49,"column":3}},"type":"if","locations":[{"start":{"line":47,"column":2},"end":{"line":49,"column":3}},{"start":{},"end":{}}],"line":47},"5":{"loc":{"start":{"line":77,"column":23},"end":{"line":77,"column":100}},"type":"cond-expr","locations":[{"start":{"line":77,"column":68},"end":{"line":77,"column":85}},{"start":{"line":77,"column":88},"end":{"line":77,"column":100}}],"line":77}},"s":{"0":0,"1":0,"2":0,"3":0,"4":0,"5":0,"6":0,"7":0,"8":0,"9":0,"10":0,"11":0,"12":0,"13":0,"14":0,"15":0,"16":0,"17":0,"18":0,"19":0,"20":0,"21":0,"22":0,"23":0,"24":0,"25":0,"26":0},"f":{"0":0,"1":0,"2":0},"b":{"0":[0,0],"1":[0,0],"2":[0,0],"3":[0,0],"4":[0,0],"5":[0,0]}}
,"C:\\Users\\ariveros\\code\\alan\\is-cloudy\\src\\pages\\Home.jsx": {"path":"C:\\Users\\ariveros\\code\\alan\\is-cloudy\\src\\pages\\Home.jsx","statementMap":{"0":{"start":{"line":20,"column":13},"end":{"line":162,"column":1}},"1":{"start":{"line":21,"column":40},"end":{"line":21,"column":55}},"2":{"start":{"line":22,"column":40},"end":{"line":22,"column":54}},"3":{"start":{"line":23,"column":32},"end":{"line":23,"column":46}},"4":{"start":{"line":24,"column":92},"end":{"line":24,"column":107}},"5":{"start":{"line":25,"column":40},"end":{"line":25,"column":51}},"6":{"start":{"line":26,"column":20},"end":{"line":26,"column":28}},"7":{"start":{"line":29,"column":2},"end":{"line":48,"column":19}},"8":{"start":{"line":30,"column":29},"end":{"line":41,"column":5}},"9":{"start":{"line":31,"column":6},"end":{"line":40,"column":7}},"10":{"start":{"line":32,"column":8},"end":{"line":32,"column":29}},"11":{"start":{"line":33,"column":21},"end":{"line":33,"column":48}},"12":{"start":{"line":34,"column":8},"end":{"line":34,"column":26}},"13":{"start":{"line":35,"column":8},"end":{"line":35,"column":29}},"14":{"start":{"line":36,"column":8},"end":{"line":36,"column":26}},"15":{"start":{"line":38,"column":8},"end":{"line":38,"column":69}},"16":{"start":{"line":39,"column":8},"end":{"line":39,"column":26}},"17":{"start":{"line":43,"column":4},"end":{"line":47,"column":5}},"18":{"start":{"line":44,"column":6},"end":{"line":44,"column":25}},"19":{"start":{"line":46,"column":6},"end":{"line":46,"column":24}},"20":{"start":{"line":50,"column":33},"end":{"line":52,"column":3}},"21":{"start":{"line":51,"column":4},"end":{"line":51,"column":33}},"22":{"start":{"line":55,"column":29},"end":{"line":57,"column":3}},"23":{"start":{"line":56,"column":4},"end":{"line":56,"column":38}},"24":{"start":{"line":59,"column":2},"end":{"line":61,"column":3}},"25":{"start":{"line":60,"column":4},"end":{"line":60,"column":50}},"26":{"start":{"line":63,"column":2},"end":{"line":161,"column":4}},"27":{"start":{"line":149,"column":23},"end":{"line":149,"column":44}}},"fnMap":{"0":{"name":"(anonymous_0)","decl":{"start":{"line":20,"column":13},"end":{"line":20,"column":14}},"loc":{"start":{"line":20,"column":19},"end":{"line":162,"column":1}},"line":20},"1":{"name":"(anonymous_1)","decl":{"start":{"line":29,"column":12},"end":{"line":29,"column":13}},"loc":{"start":{"line":29,"column":18},"end":{"line":48,"column":3}},"line":29},"2":{"name":"(anonymous_2)","decl":{"start":{"line":30,"column":29},"end":{"line":30,"column":30}},"loc":{"start":{"line":30,"column":41},"end":{"line":41,"column":5}},"line":30},"3":{"name":"(anonymous_3)","decl":{"start":{"line":50,"column":33},"end":{"line":50,"column":34}},"loc":{"start":{"line":50,"column":39},"end":{"line":52,"column":3}},"line":50},"4":{"name":"(anonymous_4)","decl":{"start":{"line":55,"column":29},"end":{"line":55,"column":30}},"loc":{"start":{"line":55,"column":40},"end":{"line":57,"column":3}},"line":55},"5":{"name":"(anonymous_5)","decl":{"start":{"line":149,"column":17},"end":{"line":149,"column":18}},"loc":{"start":{"line":149,"column":23},"end":{"line":149,"column":44}},"line":149}},"branchMap":{"0":{"loc":{"start":{"line":43,"column":4},"end":{"line":47,"column":5}},"type":"if","locations":[{"start":{"line":43,"column":4},"end":{"line":47,"column":5}},{"start":{"line":45,"column":11},"end":{"line":47,"column":5}}],"line":43},"1":{"loc":{"start":{"line":59,"column":2},"end":{"line":61,"column":3}},"type":"if","locations":[{"start":{"line":59,"column":2},"end":{"line":61,"column":3}},{"start":{},"end":{}}],"line":59},"2":{"loc":{"start":{"line":68,"column":18},"end":{"line":68,"column":51}},"type":"cond-expr","locations":[{"start":{"line":68,"column":34},"end":{"line":68,"column":40}},{"start":{"line":68,"column":43},"end":{"line":68,"column":51}}],"line":68},"3":{"loc":{"start":{"line":75,"column":19},"end":{"line":75,"column":63}},"type":"cond-expr","locations":[{"start":{"line":75,"column":35},"end":{"line":75,"column":40}},{"start":{"line":75,"column":43},"end":{"line":75,"column":63}}],"line":75},"4":{"loc":{"start":{"line":76,"column":16},"end":{"line":76,"column":43}},"type":"cond-expr","locations":[{"start":{"line":76,"column":32},"end":{"line":76,"column":33}},{"start":{"line":76,"column":36},"end":{"line":76,"column":43}}],"line":76},"5":{"loc":{"start":{"line":99,"column":9},"end":{"line":140,"column":20}},"type":"binary-expr","locations":[{"start":{"line":99,"column":9},"end":{"line":99,"column":20}},{"start":{"line":100,"column":8},"end":{"line":140,"column":20}}],"line":99},"6":{"loc":{"start":{"line":101,"column":14},"end":{"line":101,"column":36}},"type":"cond-expr","locations":[{"start":{"line":101,"column":30},"end":{"line":101,"column":31}},{"start":{"line":101,"column":34},"end":{"line":101,"column":36}}],"line":101},"7":{"loc":{"start":{"line":121,"column":25},"end":{"line":121,"column":102}},"type":"cond-expr","locations":[{"start":{"line":121,"column":70},"end":{"line":121,"column":87}},{"start":{"line":121,"column":90},"end":{"line":121,"column":102}}],"line":121},"8":{"loc":{"start":{"line":145,"column":7},"end":{"line":158,"column":15}},"type":"binary-expr","locations":[{"start":{"line":145,"column":7},"end":{"line":145,"column":18}},{"start":{"line":145,"column":22},"end":{"line":145,"column":36}},{"start":{"line":146,"column":6},"end":{"line":158,"column":15}}],"line":145}},"s":{"0":0,"1":0,"2":0,"3":0,"4":0,"5":0,"6":0,"7":0,"8":0,"9":0,"10":0,"11":0,"12":0,"13":0,"14":0,"15":0,"16":0,"17":0,"18":0,"19":0,"20":0,"21":0,"22":0,"23":0,"24":0,"25":0,"26":0,"27":0},"f":{"0":0,"1":0,"2":0,"3":0,"4":0,"5":0},"b":{"0":[0,0],"1":[0,0],"2":[0,0],"3":[0,0],"4":[0,0],"5":[0,0],"6":[0,0],"7":[0,0],"8":[0,0,0]}}
,"C:\\Users\\ariveros\\code\\alan\\is-cloudy\\src\\pages\\SavedLocations.jsx": {"path":"C:\\Users\\ariveros\\code\\alan\\is-cloudy\\src\\pages\\SavedLocations.jsx","statementMap":{"0":{"start":{"line":18,"column":23},"end":{"line":107,"column":1}},"1":{"start":{"line":19,"column":36},"end":{"line":19,"column":54}},"2":{"start":{"line":20,"column":59},"end":{"line":20,"column":74}},"3":{"start":{"line":22,"column":2},"end":{"line":26,"column":9}},"4":{"start":{"line":23,"column":27},"end":{"line":23,"column":78}},"5":{"start":{"line":24,"column":4},"end":{"line":24,"column":32}},"6":{"start":{"line":25,"column":4},"end":{"line":25,"column":33}},"7":{"start":{"line":28,"column":23},"end":{"line":32,"column":3}},"8":{"start":{"line":29,"column":29},"end":{"line":29,"column":73}},"9":{"start":{"line":29,"column":54},"end":{"line":29,"column":72}},"10":{"start":{"line":30,"column":4},"end":{"line":30,"column":35}},"11":{"start":{"line":31,"column":4},"end":{"line":31,"column":72}},"12":{"start":{"line":35,"column":19},"end":{"line":40,"column":3}},"13":{"start":{"line":36,"column":4},"end":{"line":36,"column":51}},"14":{"start":{"line":36,"column":23},"end":{"line":36,"column":51}},"15":{"start":{"line":37,"column":4},"end":{"line":37,"column":52}},"16":{"start":{"line":37,"column":24},"end":{"line":37,"column":52}},"17":{"start":{"line":38,"column":4},"end":{"line":38,"column":51}},"18":{"start":{"line":38,"column":23},"end":{"line":38,"column":51}},"19":{"start":{"line":39,"column":4},"end":{"line":39,"column":18}},"20":{"start":{"line":42,"column":2},"end":{"line":42,"column":26}},"21":{"start":{"line":43,"column":2},"end":{"line":106,"column":4}},"22":{"start":{"line":66,"column":12},"end":{"line":101,"column":23}},"23":{"start":{"line":97,"column":74},"end":{"line":97,"column":97}}},"fnMap":{"0":{"name":"(anonymous_0)","decl":{"start":{"line":18,"column":23},"end":{"line":18,"column":24}},"loc":{"start":{"line":18,"column":29},"end":{"line":107,"column":1}},"line":18},"1":{"name":"(anonymous_1)","decl":{"start":{"line":22,"column":12},"end":{"line":22,"column":13}},"loc":{"start":{"line":22,"column":18},"end":{"line":26,"column":3}},"line":22},"2":{"name":"(anonymous_2)","decl":{"start":{"line":28,"column":23},"end":{"line":28,"column":24}},"loc":{"start":{"line":28,"column":33},"end":{"line":32,"column":3}},"line":28},"3":{"name":"(anonymous_3)","decl":{"start":{"line":29,"column":46},"end":{"line":29,"column":47}},"loc":{"start":{"line":29,"column":54},"end":{"line":29,"column":72}},"line":29},"4":{"name":"(anonymous_4)","decl":{"start":{"line":35,"column":19},"end":{"line":35,"column":20}},"loc":{"start":{"line":35,"column":25},"end":{"line":40,"column":3}},"line":35},"5":{"name":"(anonymous_5)","decl":{"start":{"line":65,"column":25},"end":{"line":65,"column":26}},"loc":{"start":{"line":66,"column":12},"end":{"line":101,"column":23}},"line":66},"6":{"name":"(anonymous_6)","decl":{"start":{"line":97,"column":68},"end":{"line":97,"column":69}},"loc":{"start":{"line":97,"column":74},"end":{"line":97,"column":97}},"line":97}},"branchMap":{"0":{"loc":{"start":{"line":23,"column":27},"end":{"line":23,"column":78}},"type":"binary-expr","locations":[{"start":{"line":23,"column":27},"end":{"line":23,"column":72}},{"start":{"line":23,"column":76},"end":{"line":23,"column":78}}],"line":23},"1":{"loc":{"start":{"line":36,"column":4},"end":{"line":36,"column":51}},"type":"if","locations":[{"start":{"line":36,"column":4},"end":{"line":36,"column":51}},{"start":{},"end":{}}],"line":36},"2":{"loc":{"start":{"line":37,"column":4},"end":{"line":37,"column":52}},"type":"if","locations":[{"start":{"line":37,"column":4},"end":{"line":37,"column":52}},{"start":{},"end":{}}],"line":37},"3":{"loc":{"start":{"line":38,"column":4},"end":{"line":38,"column":51}},"type":"if","locations":[{"start":{"line":38,"column":4},"end":{"line":38,"column":51}},{"start":{},"end":{}}],"line":38}},"s":{"0":0,"1":0,"2":0,"3":0,"4":0,"5":0,"6":0,"7":0,"8":0,"9":0,"10":0,"11":0,"12":0,"13":0,"14":0,"15":0,"16":0,"17":0,"18":0,"19":0,"20":0,"21":0,"22":0,"23":0},"f":{"0":0,"1":0,"2":0,"3":0,"4":0,"5":0,"6":0},"b":{"0":[0,0],"1":[0,0],"2":[0,0],"3":[0,0]}}
,"C:\\Users\\ariveros\\code\\alan\\is-cloudy\\src\\providers\\ApiProviders.jsx": {"path":"C:\\Users\\ariveros\\code\\alan\\is-cloudy\\src\\providers\\ApiProviders.jsx","statementMap":{"0":{"start":{"line":4,"column":19},"end":{"line":4,"column":34}},"1":{"start":{"line":6,"column":27},"end":{"line":14,"column":1}},"2":{"start":{"line":7,"column":20},"end":{"line":7,"column":67}},"3":{"start":{"line":9,"column":2},"end":{"line":13,"column":4}},"4":{"start":{"line":16,"column":22},"end":{"line":16,"column":50}},"5":{"start":{"line":16,"column":28},"end":{"line":16,"column":50}}},"fnMap":{"0":{"name":"(anonymous_0)","decl":{"start":{"line":6,"column":27},"end":{"line":6,"column":28}},"loc":{"start":{"line":6,"column":60},"end":{"line":14,"column":1}},"line":6},"1":{"name":"(anonymous_1)","decl":{"start":{"line":16,"column":22},"end":{"line":16,"column":23}},"loc":{"start":{"line":16,"column":28},"end":{"line":16,"column":50}},"line":16}},"branchMap":{"0":{"loc":{"start":{"line":7,"column":20},"end":{"line":7,"column":67}},"type":"binary-expr","locations":[{"start":{"line":7,"column":20},"end":{"line":7,"column":45}},{"start":{"line":7,"column":49},"end":{"line":7,"column":67}}],"line":7}},"s":{"0":0,"1":0,"2":0,"3":0,"4":0,"5":0},"f":{"0":0,"1":0},"b":{"0":[0,0]}}
,"C:\\Users\\ariveros\\code\\alan\\is-cloudy\\src\\providers\\apiConnectors.jsx": {"path":"C:\\Users\\ariveros\\code\\alan\\is-cloudy\\src\\providers\\apiConnectors.jsx","statementMap":{"0":{"start":{"line":4,"column":26},"end":{"line":7,"column":1}}},"fnMap":{},"branchMap":{},"s":{"0":1},"f":{},"b":{},"_coverageSchema":"1a1c01bbd47fc00a2c39e90264f33305004495a9","hash":"c5bce7422796229dd3f297bae2d715dbc8457f0a"}
,"C:\\Users\\ariveros\\code\\alan\\is-cloudy\\src\\strategies\\apiStrategy.js": {"path":"C:\\Users\\ariveros\\code\\alan\\is-cloudy\\src\\strategies\\apiStrategy.js","statementMap":{"0":{"start":{"line":5,"column":20},"end":{"line":24,"column":1}},"1":{"start":{"line":6,"column":2},"end":{"line":23,"column":3}},"2":{"start":{"line":8,"column":21},"end":{"line":17,"column":6}},"3":{"start":{"line":20,"column":4},"end":{"line":20,"column":41}},"4":{"start":{"line":22,"column":4},"end":{"line":22,"column":91}}},"fnMap":{"0":{"name":"(anonymous_0)","decl":{"start":{"line":5,"column":20},"end":{"line":5,"column":21}},"loc":{"start":{"line":5,"column":36},"end":{"line":24,"column":1}},"line":5}},"branchMap":{"0":{"loc":{"start":{"line":11,"column":14},"end":{"line":11,"column":23}},"type":"binary-expr","locations":[{"start":{"line":11,"column":14},"end":{"line":11,"column":18}},{"start":{"line":11,"column":22},"end":{"line":11,"column":23}}],"line":11}},"s":{"0":2,"1":2,"2":2,"3":1,"4":1},"f":{"0":2},"b":{"0":[2,0]},"_coverageSchema":"1a1c01bbd47fc00a2c39e90264f33305004495a9","hash":"874a589e906f23a7275a007a9423b7e2c4b5b8b1"}
,"C:\\Users\\ariveros\\code\\alan\\is-cloudy\\src\\strategies\\jsonStrategy.js": {"path":"C:\\Users\\ariveros\\code\\alan\\is-cloudy\\src\\strategies\\jsonStrategy.js","statementMap":{"0":{"start":{"line":3,"column":21},"end":{"line":10,"column":1}},"1":{"start":{"line":4,"column":19},"end":{"line":4,"column":59}},"2":{"start":{"line":5,"column":2},"end":{"line":7,"column":3}},"3":{"start":{"line":6,"column":4},"end":{"line":6,"column":82}},"4":{"start":{"line":8,"column":15},"end":{"line":8,"column":36}},"5":{"start":{"line":9,"column":2},"end":{"line":9,"column":30}}},"fnMap":{"0":{"name":"(anonymous_0)","decl":{"start":{"line":3,"column":21},"end":{"line":3,"column":22}},"loc":{"start":{"line":3,"column":37},"end":{"line":10,"column":1}},"line":3}},"branchMap":{"0":{"loc":{"start":{"line":5,"column":2},"end":{"line":7,"column":3}},"type":"if","locations":[{"start":{"line":5,"column":2},"end":{"line":7,"column":3}},{"start":{},"end":{}}],"line":5}},"s":{"0":2,"1":3,"2":2,"3":1,"4":1,"5":1},"f":{"0":3},"b":{"0":[1,1]},"_coverageSchema":"1a1c01bbd47fc00a2c39e90264f33305004495a9","hash":"b27bbd5e3b1de4b572a17f7cc199a2448092fcb3"}
,"C:\\Users\\ariveros\\code\\alan\\is-cloudy\\src\\theme\\theme.js": {"path":"C:\\Users\\ariveros\\code\\alan\\is-cloudy\\src\\theme\\theme.js","statementMap":{"0":{"start":{"line":4,"column":14},"end":{"line":25,"column":2}}},"fnMap":{},"branchMap":{},"s":{"0":0},"f":{},"b":{}}
}
